init-params: initializing eigensolver data
Computing 4 bands with 1.000000e-07 tolerance.
Working in 2 dimensions.
Grid size is 704 x 704 x 1.
Solving for 4 bands at a time.
Creating Maxwell data...
Mesh size is 3.
Lattice vectors:
     (9.52628, 5.5, 0)
     (9.52628, -5.5, 0)
     (0, 0, 1)
Cell volume = 104.789
Reciprocal lattice vectors (/ 2 pi):
     (0.0524864, 0.0909091, -0)
     (0.0524864, -0.0909091, 0)
     (-0, 0, 1)
Geometric objects:
     cylinder, center = (11,0,0)
          radius 0.49, height 1e+20, axis (0, 0, 1)
          epsilon = 1.96, mu = 1
     cylinder, center = (0,5,0)
          radius 0.49, height 1e+20, axis (0, 0, 1)
          epsilon = 1.96, mu = 1
     cylinder, center = (0,4,0)
          radius 0.49, height 1e+20, axis (0, 0, 1)
          epsilon = 1.96, mu = 1
     cylinder, center = (0,3,0)
          radius 0.49, height 1e+20, axis (0, 0, 1)
          epsilon = 1.96, mu = 1
     cylinder, center = (0,2,0)
          radius 0.49, height 1e+20, axis (0, 0, 1)
          epsilon = 1.96, mu = 1
     cylinder, center = (0,-5,0)
          radius 0.49, height 1e+20, axis (0, 0, 1)
          epsilon = 1.96, mu = 1
     cylinder, center = (0,-4,0)
          radius 0.49, height 1e+20, axis (0, 0, 1)
          epsilon = 1.96, mu = 1
     cylinder, center = (0,-3,0)
          radius 0.49, height 1e+20, axis (0, 0, 1)
          epsilon = 1.96, mu = 1
     cylinder, center = (0,-2,0)
          radius 0.49, height 1e+20, axis (0, 0, 1)
          epsilon = 1.96, mu = 1
     cylinder, center = (0,-1,0)
          radius 0.49, height 1e+20, axis (0, 0, 1)
          epsilon = 1.96, mu = 1
     cylinder, center = (1,5,0)
          radius 0.49, height 1e+20, axis (0, 0, 1)
          epsilon = 1.96, mu = 1
     cylinder, center = (1,4,0)
          radius 0.49, height 1e+20, axis (0, 0, 1)
          epsilon = 1.96, mu = 1
     cylinder, center = (1,3,0)
          radius 0.49, height 1e+20, axis (0, 0, 1)
          epsilon = 1.96, mu = 1
     cylinder, center = (1,2,0)
          radius 0.49, height 1e+20, axis (0, 0, 1)
          epsilon = 1.96, mu = 1
     cylinder, center = (1,1,0)
          radius 0.49, height 1e+20, axis (0, 0, 1)
          epsilon = 1.96, mu = 1
     cylinder, center = (1,-3,0)
          radius 0.49, height 1e+20, axis (0, 0, 1)
          epsilon = 1.96, mu = 1
     cylinder, center = (1,-4,0)
          radius 0.49, height 1e+20, axis (0, 0, 1)
          epsilon = 1.96, mu = 1
     cylinder, center = (1,-5,0)
          radius 0.49, height 1e+20, axis (0, 0, 1)
          epsilon = 1.96, mu = 1
     cylinder, center = (2,5,0)
          radius 0.49, height 1e+20, axis (0, 0, 1)
          epsilon = 1.96, mu = 1
     cylinder, center = (2,4,0)
          radius 0.49, height 1e+20, axis (0, 0, 1)
          epsilon = 1.96, mu = 1
     cylinder, center = (2,3,0)
          radius 0.49, height 1e+20, axis (0, 0, 1)
          epsilon = 1.96, mu = 1
     cylinder, center = (2,2,0)
          radius 0.49, height 1e+20, axis (0, 0, 1)
          epsilon = 1.96, mu = 1
     cylinder, center = (2,1,0)
          radius 0.49, height 1e+20, axis (0, 0, 1)
          epsilon = 1.96, mu = 1
     cylinder, center = (2,-1,0)
          radius 0.49, height 1e+20, axis (0, 0, 1)
          epsilon = 1.96, mu = 1
     cylinder, center = (2,-2,0)
          radius 0.49, height 1e+20, axis (0, 0, 1)
          epsilon = 1.96, mu = 1
     cylinder, center = (2,-3,0)
          radius 0.49, height 1e+20, axis (0, 0, 1)
          epsilon = 1.96, mu = 1
     cylinder, center = (2,-4,0)
          radius 0.49, height 1e+20, axis (0, 0, 1)
          epsilon = 1.96, mu = 1
     cylinder, center = (2,-5,0)
          radius 0.49, height 1e+20, axis (0, 0, 1)
          epsilon = 1.96, mu = 1
     cylinder, center = (3,5,0)
          radius 0.49, height 1e+20, axis (0, 0, 1)
          epsilon = 1.96, mu = 1
     cylinder, center = (3,4,0)
          radius 0.49, height 1e+20, axis (0, 0, 1)
          epsilon = 1.96, mu = 1
     cylinder, center = (3,3,0)
          radius 0.49, height 1e+20, axis (0, 0, 1)
          epsilon = 1.96, mu = 1
     cylinder, center = (3,2,0)
          radius 0.49, height 1e+20, axis (0, 0, 1)
          epsilon = 1.96, mu = 1
     cylinder, center = (3,1,0)
          radius 0.49, height 1e+20, axis (0, 0, 1)
          epsilon = 1.96, mu = 1
     cylinder, center = (3,-1,0)
          radius 0.49, height 1e+20, axis (0, 0, 1)
          epsilon = 1.96, mu = 1
     cylinder, center = (3,-2,0)
          radius 0.49, height 1e+20, axis (0, 0, 1)
          epsilon = 1.96, mu = 1
     cylinder, center = (3,-3,0)
          radius 0.49, height 1e+20, axis (0, 0, 1)
          epsilon = 1.96, mu = 1
     cylinder, center = (3,-4,0)
          radius 0.49, height 1e+20, axis (0, 0, 1)
          epsilon = 1.96, mu = 1
     cylinder, center = (3,-5,0)
          radius 0.49, height 1e+20, axis (0, 0, 1)
          epsilon = 1.96, mu = 1
     cylinder, center = (4,5,0)
          radius 0.49, height 1e+20, axis (0, 0, 1)
          epsilon = 1.96, mu = 1
     cylinder, center = (4,4,0)
          radius 0.49, height 1e+20, axis (0, 0, 1)
          epsilon = 1.96, mu = 1
     cylinder, center = (4,3,0)
          radius 0.49, height 1e+20, axis (0, 0, 1)
          epsilon = 1.96, mu = 1
     cylinder, center = (4,2,0)
          radius 0.49, height 1e+20, axis (0, 0, 1)
          epsilon = 1.96, mu = 1
     cylinder, center = (4,1,0)
          radius 0.49, height 1e+20, axis (0, 0, 1)
          epsilon = 1.96, mu = 1
     cylinder, center = (4,-1,0)
          radius 0.49, height 1e+20, axis (0, 0, 1)
          epsilon = 1.96, mu = 1
     cylinder, center = (4,-2,0)
          radius 0.49, height 1e+20, axis (0, 0, 1)
          epsilon = 1.96, mu = 1
     cylinder, center = (4,-3,0)
          radius 0.49, height 1e+20, axis (0, 0, 1)
          epsilon = 1.96, mu = 1
     cylinder, center = (4,-4,0)
          radius 0.49, height 1e+20, axis (0, 0, 1)
          epsilon = 1.96, mu = 1
     cylinder, center = (4,-5,0)
          radius 0.49, height 1e+20, axis (0, 0, 1)
          epsilon = 1.96, mu = 1
     cylinder, center = (5,5,0)
          radius 0.49, height 1e+20, axis (0, 0, 1)
          epsilon = 1.96, mu = 1
     cylinder, center = (5,4,0)
          radius 0.49, height 1e+20, axis (0, 0, 1)
          epsilon = 1.96, mu = 1
     cylinder, center = (5,3,0)
          radius 0.49, height 1e+20, axis (0, 0, 1)
          epsilon = 1.96, mu = 1
     cylinder, center = (5,2,0)
          radius 0.49, height 1e+20, axis (0, 0, 1)
          epsilon = 1.96, mu = 1
     cylinder, center = (5,1,0)
          radius 0.49, height 1e+20, axis (0, 0, 1)
          epsilon = 1.96, mu = 1
     cylinder, center = (5,-1,0)
          radius 0.49, height 1e+20, axis (0, 0, 1)
          epsilon = 1.96, mu = 1
     cylinder, center = (5,-2,0)
          radius 0.49, height 1e+20, axis (0, 0, 1)
          epsilon = 1.96, mu = 1
     cylinder, center = (5,-3,0)
          radius 0.49, height 1e+20, axis (0, 0, 1)
          epsilon = 1.96, mu = 1
     cylinder, center = (5,-4,0)
          radius 0.49, height 1e+20, axis (0, 0, 1)
          epsilon = 1.96, mu = 1
     cylinder, center = (5,-5,0)
          radius 0.49, height 1e+20, axis (0, 0, 1)
          epsilon = 1.96, mu = 1
     cylinder, center = (6,5,0)
          radius 0.49, height 1e+20, axis (0, 0, 1)
          epsilon = 1.96, mu = 1
     cylinder, center = (6,4,0)
          radius 0.49, height 1e+20, axis (0, 0, 1)
          epsilon = 1.96, mu = 1
     cylinder, center = (6,3,0)
          radius 0.49, height 1e+20, axis (0, 0, 1)
          epsilon = 1.96, mu = 1
     cylinder, center = (6,2,0)
          radius 0.49, height 1e+20, axis (0, 0, 1)
          epsilon = 1.96, mu = 1
     cylinder, center = (6,1,0)
          radius 0.49, height 1e+20, axis (0, 0, 1)
          epsilon = 1.96, mu = 1
     cylinder, center = (6,-1,0)
          radius 0.49, height 1e+20, axis (0, 0, 1)
          epsilon = 1.96, mu = 1
     cylinder, center = (6,-2,0)
          radius 0.49, height 1e+20, axis (0, 0, 1)
          epsilon = 1.96, mu = 1
     cylinder, center = (6,-3,0)
          radius 0.49, height 1e+20, axis (0, 0, 1)
          epsilon = 1.96, mu = 1
     cylinder, center = (6,-4,0)
          radius 0.49, height 1e+20, axis (0, 0, 1)
          epsilon = 1.96, mu = 1
     cylinder, center = (6,-5,0)
          radius 0.49, height 1e+20, axis (0, 0, 1)
          epsilon = 1.96, mu = 1
     cylinder, center = (7,5,0)
          radius 0.49, height 1e+20, axis (0, 0, 1)
          epsilon = 1.96, mu = 1
     cylinder, center = (7,4,0)
          radius 0.49, height 1e+20, axis (0, 0, 1)
          epsilon = 1.96, mu = 1
     cylinder, center = (7,3,0)
          radius 0.49, height 1e+20, axis (0, 0, 1)
          epsilon = 1.96, mu = 1
     cylinder, center = (7,2,0)
          radius 0.49, height 1e+20, axis (0, 0, 1)
          epsilon = 1.96, mu = 1
     cylinder, center = (7,1,0)
          radius 0.49, height 1e+20, axis (0, 0, 1)
          epsilon = 1.96, mu = 1
     cylinder, center = (7,-1,0)
          radius 0.49, height 1e+20, axis (0, 0, 1)
          epsilon = 1.96, mu = 1
     cylinder, center = (7,-2,0)
          radius 0.49, height 1e+20, axis (0, 0, 1)
          epsilon = 1.96, mu = 1
     cylinder, center = (7,-3,0)
          radius 0.49, height 1e+20, axis (0, 0, 1)
          epsilon = 1.96, mu = 1
     cylinder, center = (7,-4,0)
          radius 0.49, height 1e+20, axis (0, 0, 1)
          epsilon = 1.96, mu = 1
     cylinder, center = (7,-5,0)
          radius 0.49, height 1e+20, axis (0, 0, 1)
          epsilon = 1.96, mu = 1
     cylinder, center = (8,5,0)
          radius 0.49, height 1e+20, axis (0, 0, 1)
          epsilon = 1.96, mu = 1
     cylinder, center = (8,4,0)
          radius 0.49, height 1e+20, axis (0, 0, 1)
          epsilon = 1.96, mu = 1
     cylinder, center = (8,3,0)
          radius 0.49, height 1e+20, axis (0, 0, 1)
          epsilon = 1.96, mu = 1
     cylinder, center = (8,2,0)
          radius 0.49, height 1e+20, axis (0, 0, 1)
          epsilon = 1.96, mu = 1
     cylinder, center = (8,1,0)
          radius 0.49, height 1e+20, axis (0, 0, 1)
          epsilon = 1.96, mu = 1
     cylinder, center = (8,-1,0)
          radius 0.49, height 1e+20, axis (0, 0, 1)
          epsilon = 1.96, mu = 1
     cylinder, center = (8,-2,0)
          radius 0.49, height 1e+20, axis (0, 0, 1)
          epsilon = 1.96, mu = 1
     cylinder, center = (8,-3,0)
          radius 0.49, height 1e+20, axis (0, 0, 1)
          epsilon = 1.96, mu = 1
     cylinder, center = (8,-4,0)
          radius 0.49, height 1e+20, axis (0, 0, 1)
          epsilon = 1.96, mu = 1
     cylinder, center = (8,-5,0)
          radius 0.49, height 1e+20, axis (0, 0, 1)
          epsilon = 1.96, mu = 1
     cylinder, center = (9,5,0)
          radius 0.49, height 1e+20, axis (0, 0, 1)
          epsilon = 1.96, mu = 1
     cylinder, center = (9,4,0)
          radius 0.49, height 1e+20, axis (0, 0, 1)
          epsilon = 1.96, mu = 1
     cylinder, center = (9,3,0)
          radius 0.49, height 1e+20, axis (0, 0, 1)
          epsilon = 1.96, mu = 1
     cylinder, center = (9,2,0)
          radius 0.49, height 1e+20, axis (0, 0, 1)
          epsilon = 1.96, mu = 1
     cylinder, center = (9,1,0)
          radius 0.49, height 1e+20, axis (0, 0, 1)
          epsilon = 1.96, mu = 1
     cylinder, center = (9,-1,0)
          radius 0.49, height 1e+20, axis (0, 0, 1)
          epsilon = 1.96, mu = 1
     cylinder, center = (9,-2,0)
          radius 0.49, height 1e+20, axis (0, 0, 1)
          epsilon = 1.96, mu = 1
     cylinder, center = (9,-3,0)
          radius 0.49, height 1e+20, axis (0, 0, 1)
          epsilon = 1.96, mu = 1
     cylinder, center = (9,-4,0)
          radius 0.49, height 1e+20, axis (0, 0, 1)
          epsilon = 1.96, mu = 1
     cylinder, center = (9,-5,0)
          radius 0.49, height 1e+20, axis (0, 0, 1)
          epsilon = 1.96, mu = 1
     cylinder, center = (11,-1,0)
          radius 0.49, height 1e+20, axis (0, 0, 1)
          epsilon = 11.7, mu = 1
     cylinder, center = (10,5,0)
          radius 0.49, height 1e+20, axis (0, 0, 1)
          epsilon = 1.96, mu = 1
     cylinder, center = (10,4,0)
          radius 0.49, height 1e+20, axis (0, 0, 1)
          epsilon = 1.96, mu = 1
     cylinder, center = (10,3,0)
          radius 0.49, height 1e+20, axis (0, 0, 1)
          epsilon = 1.96, mu = 1
     cylinder, center = (10,-1,0)
          radius 0.49, height 1e+20, axis (0, 0, 1)
          epsilon = 1.96, mu = 1
     cylinder, center = (10,-2,0)
          radius 0.49, height 1e+20, axis (0, 0, 1)
          epsilon = 1.96, mu = 1
     cylinder, center = (10,-3,0)
          radius 0.49, height 1e+20, axis (0, 0, 1)
          epsilon = 1.96, mu = 1
     cylinder, center = (10,-4,0)
          radius 0.49, height 1e+20, axis (0, 0, 1)
          epsilon = 1.96, mu = 1
     cylinder, center = (10,-5,0)
          radius 0.49, height 1e+20, axis (0, 0, 1)
          epsilon = 1.96, mu = 1
Geometric object tree has depth 9 and 594 object nodes (vs. 107 actual objects)
Initializing epsilon function...
Allocating fields...
16 k-points:
     (0,0,0)
     (0,0.1,0)
     (0,0.2,0)
     (0,0.3,0)
     (0,0.4,0)
     (0,0.5,0)
     (-0.0666667,0.466667,0)
     (-0.133333,0.433333,0)
     (-0.2,0.4,0)
     (-0.266667,0.366667,0)
     (-0.333333,0.333333,0)
     (-0.266667,0.266667,0)
     (-0.2,0.2,0)
     (-0.133333,0.133333,0)
     (-0.0666667,0.0666667,0)
     (0,0,0)
Solving for band polarization: tm.
Initializing fields to random numbers...
elapsed time for initialization: 0 seconds.
epsilon: 1.96-11.7, mean 4.33851, harm. mean 2.4959, 100% > 1, 24.42% "fill"
Outputting pc-epsilon...
solve_kpoint (0,0,0):
tmfreqs:, k index, k1, k2, k3, kmag/2pi, tm band 1, tm band 2, tm band 3, tm band 4
Solving for bands 2 to 4...
    linmin: converged after 6 iterations.
    linmin: converged after 8 iterations.
    linmin: converged after 4 iterations.
    linmin: converged after 5 iterations.
    linmin: converged after 3 iterations.
    linmin: converged after 4 iterations.
    linmin: converged after 4 iterations.
    linmin: converged after 4 iterations.
    linmin: converged after 4 iterations.
    iteration    9: trace = 0.006242925790528916 (0.0196241% change)
    linmin: converged after 4 iterations.
    linmin: converged after 2 iterations.
    linmin: converged after 2 iterations.
    linmin: converged after 3 iterations.
    linmin: converged after 2 iterations.
    linmin: converged after 2 iterations.
Finished solving for bands 2 to 4 after 15 iterations.
tmfreqs:, 1, 0, 0, 0, 0, 0, 0.0421486, 0.0458664, 0.0485998
elapsed time for k point: 7 seconds.
solve_kpoint (0,0.1,0):
Solving for bands 1 to 4...
    linmin: converged after 7 iterations.
    linmin: converged after 4 iterations.
    linmin: converged after 4 iterations.
    linmin: converged after 4 iterations.
    linmin: converged after 2 iterations.
    linmin: converged after 2 iterations.
    iteration    6: trace = 0.005934069506931512 (0.000570674% change)
    linmin: converged after 2 iterations.
    linmin: converged after 2 iterations.
    linmin: converged after 2 iterations.
Finished solving for bands 1 to 4 after 9 iterations.
tmfreqs:, 2, 0, 0.1, 0, 0.0104973, 0.00503573, 0.041677, 0.0455342, 0.0458079
elapsed time for k point: 6 seconds.
solve_kpoint (0,0.2,0):
Solving for bands 1 to 4...
    linmin: converged after 4 iterations.
    linmin: converged after 3 iterations.
    linmin: converged after 2 iterations.
    linmin: converged after 2 iterations.
    linmin: converged after 2 iterations.
    linmin: converged after 2 iterations.
    iteration    6: trace = 0.005500698884364546 (9.47632e-07% change)
Finished solving for bands 1 to 4 after 6 iterations.
tmfreqs:, 3, 0, 0.2, 0, 0.0209946, 0.0100441, 0.0397205, 0.0426402, 0.0447651
elapsed time for k point: 4 seconds.
solve_kpoint (0,0.3,0):
Solving for bands 1 to 4...
    linmin: converged after 3 iterations.
    linmin: converged after 4 iterations.
    linmin: converged after 2 iterations.
    linmin: converged after 2 iterations.
    linmin: converged after 2 iterations.
Finished solving for bands 1 to 4 after 5 iterations.
tmfreqs:, 4, 0, 0.3, 0, 0.0314918, 0.0149721, 0.0357096, 0.0412631, 0.0439547
elapsed time for k point: 4 seconds.
solve_kpoint (0,0.4,0):
Solving for bands 1 to 4...
    linmin: converged after 3 iterations.
    linmin: converged after 4 iterations.
    linmin: converged after 2 iterations.
    linmin: converged after 2 iterations.
    linmin: converged after 2 iterations.
Finished solving for bands 1 to 4 after 5 iterations.
tmfreqs:, 5, 0, 0.4, 0, 0.0419891, 0.0196251, 0.0313235, 0.0406028, 0.0433772
elapsed time for k point: 4 seconds.
solve_kpoint (0,0.5,0):
Solving for bands 1 to 4...
    linmin: converged after 3 iterations.
    linmin: converged after 4 iterations.
    linmin: converged after 2 iterations.
    linmin: converged after 2 iterations.
Finished solving for bands 1 to 4 after 4 iterations.
tmfreqs:, 6, 0, 0.5, 0, 0.0524864, 0.0224493, 0.0285684, 0.0403855, 0.0431709
elapsed time for k point: 3 seconds.
solve_kpoint (-0.0666667,0.466667,0):
Solving for bands 1 to 4...
    linmin: converged after 4 iterations.
    linmin: converged after 4 iterations.
    linmin: converged after 2 iterations.
    linmin: converged after 2 iterations.
Finished solving for bands 1 to 4 after 4 iterations.
tmfreqs:, 7, -0.0666667, 0.466667, 0, 0.0528351, 0.0225917, 0.0287569, 0.0389048, 0.0446059
elapsed time for k point: 3 seconds.
solve_kpoint (-0.133333,0.433333,0):
Solving for bands 1 to 4...
    linmin: converged after 4 iterations.
    linmin: converged after 4 iterations.
    linmin: converged after 2 iterations.
    linmin: converged after 2 iterations.
    linmin: converged after 2 iterations.
Finished solving for bands 1 to 4 after 5 iterations.
tmfreqs:, 8, -0.133333, 0.433333, 0, 0.0538678, 0.023011, 0.0293147, 0.0365261, 0.0468494
elapsed time for k point: 4 seconds.
solve_kpoint (-0.2,0.4,0):
Solving for bands 1 to 4...
    linmin: converged after 4 iterations.
    linmin: converged after 4 iterations.
    linmin: converged after 2 iterations.
    linmin: converged after 2 iterations.
    linmin: converged after 2 iterations.
    linmin: converged after 2 iterations.
    iteration    6: trace = 0.005046347597629714 (3.04702e-07% change)
Finished solving for bands 1 to 4 after 6 iterations.
tmfreqs:, 9, -0.2, 0.4, 0, 0.0555464, 0.0236821, 0.0302206, 0.0340076, 0.0491498
elapsed time for k point: 4 seconds.
solve_kpoint (-0.266667,0.366667,0):
Solving for bands 1 to 4...
    linmin: converged after 4 iterations.
    linmin: converged after 4 iterations.
    linmin: converged after 2 iterations.
    linmin: converged after 2 iterations.
    linmin: converged after 2 iterations.
    linmin: converged after 2 iterations.
    iteration    6: trace = 0.005224950709715449 (4.7464e-06% change)
Finished solving for bands 1 to 4 after 6 iterations.
tmfreqs:, 10, -0.266667, 0.366667, 0, 0.0578145, 0.0245519, 0.0314431, 0.0314592, 0.051418
elapsed time for k point: 5 seconds.
solve_kpoint (-0.333333,0.333333,0):
Solving for bands 1 to 4...
    linmin: converged after 4 iterations.
    linmin: converged after 4 iterations.
    linmin: converged after 4 iterations.
    linmin: converged after 4 iterations.
    linmin: converged after 2 iterations.
    linmin: converged after 2 iterations.
    iteration    6: trace = 0.005447566492587793 (0.000261949% change)
    linmin: converged after 2 iterations.
Finished solving for bands 1 to 4 after 7 iterations.
tmfreqs:, 11, -0.333333, 0.333333, 0, 0.0606061, 0.0254382, 0.0290543, 0.0329447, 0.0535813
elapsed time for k point: 5 seconds.
Fixing e-field (band 1) phase by -1 + 1.13209e-06i; max ampl. = 0.0768286
Outputting fields to pc-e.k11.b01.z.tm...
Fixing e-field (band 2) phase by 1 + -9.39182e-07i; max ampl. = 0.0786511
Outputting fields to pc-e.k11.b02.z.tm...
Fixing e-field (band 3) phase by 0.999154 + 0.0411337i; max ampl. = 0.0740803
Outputting fields to pc-e.k11.b03.z.tm...
Fixing e-field (band 4) phase by 1 + 2.43061e-07i; max ampl. = 0.0718399
Outputting fields to pc-e.k11.b04.z.tm...
solve_kpoint (-0.266667,0.266667,0):
Solving for bands 1 to 4...
    linmin: converged after 3 iterations.
    linmin: converged after 4 iterations.
    linmin: converged after 4 iterations.
    linmin: converged after 2 iterations.
    linmin: converged after 2 iterations.
    iteration    5: trace = 0.005303137248765788 (0.00135218% change)
    linmin: converged after 2 iterations.
    linmin: converged after 2 iterations.
    linmin: converged after 2 iterations.
Finished solving for bands 1 to 4 after 8 iterations.
tmfreqs:, 12, -0.266667, 0.266667, 0, 0.0484848, 0.0224287, 0.0314711, 0.0340173, 0.0515022
elapsed time for k point: 6 seconds.
solve_kpoint (-0.2,0.2,0):
Solving for bands 1 to 4...
    linmin: converged after 3 iterations.
    linmin: converged after 4 iterations.
    linmin: converged after 2 iterations.
    linmin: converged after 2 iterations.
    iteration    4: trace = 0.005360604935599959 (0.000507252% change)
    linmin: converged after 2 iterations.
    linmin: converged after 2 iterations.
    linmin: converged after 2 iterations.
Finished solving for bands 1 to 4 after 7 iterations.
tmfreqs:, 13, -0.2, 0.2, 0, 0.0363636, 0.0172269, 0.0346176, 0.0374873, 0.0496
elapsed time for k point: 7 seconds.
solve_kpoint (-0.133333,0.133333,0):
Solving for bands 1 to 4...
    linmin: converged after 4 iterations.
    linmin: converged after 4 iterations.
    linmin: converged after 2 iterations.
    linmin: converged after 2 iterations.
    linmin: converged after 2 iterations.
    linmin: converged after 2 iterations.
    iteration    6: trace = 0.005600891766483755 (5.499e-05% change)
    linmin: converged after 2 iterations.
Finished solving for bands 1 to 4 after 7 iterations.
tmfreqs:, 14, -0.133333, 0.133333, 0, 0.0242424, 0.0115838, 0.0379632, 0.0414996, 0.0479925
elapsed time for k point: 5 seconds.
solve_kpoint (-0.0666667,0.0666667,0):
Solving for bands 1 to 4...
    linmin: converged after 6 iterations.
    linmin: converged after 3 iterations.
    linmin: converged after 2 iterations.
    linmin: converged after 2 iterations.
    linmin: converged after 2 iterations.
    linmin: converged after 2 iterations.
    iteration    6: trace = 0.005959193089496592 (3.588e-05% change)
    linmin: converged after 2 iterations.
Finished solving for bands 1 to 4 after 7 iterations.
tmfreqs:, 15, -0.0666667, 0.0666667, 0, 0.0121212, 0.00581321, 0.0408353, 0.0454153, 0.0468543
elapsed time for k point: 5 seconds.
solve_kpoint (0,0,0):
Solving for bands 2 to 4...
    linmin: converged after 4 iterations.
    linmin: converged after 4 iterations.
    linmin: converged after 4 iterations.
    linmin: converged after 4 iterations.
    linmin: converged after 4 iterations.
    linmin: converged after 4 iterations.
    linmin: converged after 2 iterations.
    linmin: converged after 2 iterations.
    linmin: converged after 2 iterations.
    iteration    9: trace = 0.00624217034221112 (0.000115926% change)
    linmin: converged after 2 iterations.
    linmin: converged after 2 iterations.
Finished solving for bands 2 to 4 after 11 iterations.
tmfreqs:, 16, 0, 0, 0, 0, 0, 0.0421486, 0.0458664, 0.0485998
elapsed time for k point: 6 seconds.
Band 1 range: 0.0 at #(0.0 0.0 0.0) to 0.02543821899073513 at #(-0.3333333333333333 0.3333333333333333 0.0)
Band 2 range: 0.028568442518253093 at #(0.0 0.5 0.0) to 0.042148595382396487 at #(0.0 0.0 0.0)
Band 3 range: 0.03145923327481677 at #(-0.26666666666666666 0.36666666666666664 0.0) to 0.04586637523624088 at #(0.0 0.0 0.0)
Band 4 range: 0.043170904824156954 at #(0.0 0.5 0.0) to 0.05358133053368868 at #(-0.3333333333333333 0.3333333333333333 0.0)
Gap from band 1 (0.02543821899073513) to band 2 (0.028568442518253093), 11.591990469534963%
total elapsed time for run: 1 minute, 19 seconds.
done.
